<?xml version="1.0" encoding="UTF-8"?>
<testsuite name="com.squarefootgardenplanner.service.enums.PlantTypeTest" tests="1" skipped="0" failures="0" errors="0" timestamp="2022-05-03T00:11:21" hostname="Thoms-MacBook-Air.local" time="0.022">
  <properties/>
  <testcase name="isValidPlantType_validPlantType_returnsTrue()" classname="com.squarefootgardenplanner.service.enums.PlantTypeTest" time="0.022"/>
  <system-out><![CDATA[]]></system-out>
  <system-err><![CDATA[]]></system-err>
</testsuite>
