<?xml version="1.0" encoding="UTF-8"?>
<testsuite name="com.squarefootgardenplanner.service.dao.PlantDaoTest" tests="1" skipped="0" failures="0" errors="0" timestamp="2022-05-06T21:54:35" hostname="Thoms-MacBook-Air.local" time="1.219">
  <properties/>
  <testcase name="getPlant_plantExists_returnsPlant()" classname="com.squarefootgardenplanner.service.dao.PlantDaoTest" time="1.219"/>
  <system-out><![CDATA[]]></system-out>
  <system-err><![CDATA[]]></system-err>
</testsuite>
