<?xml version="1.0" encoding="UTF-8"?>
<testsuite name="com.squarefootgardenplanner.service.activity.GetPlantsByTypeActivityTest" tests="1" skipped="0" failures="0" errors="0" timestamp="2022-05-06T23:26:17" hostname="Thoms-MacBook-Air.local" time="1.113">
  <properties/>
  <testcase name="handleRequest_validType_returnsPlantListInResponse()" classname="com.squarefootgardenplanner.service.activity.GetPlantsByTypeActivityTest" time="1.113"/>
  <system-out><![CDATA[2022-05-06 16:26:18  INFO  GetPlantsByTypeActivity - Received GetPlantsByTypeRequest com.squarefootgardenplanner.service.models.requests.GetPlantsByTypeRequest@7675f49b
]]></system-out>
  <system-err><![CDATA[]]></system-err>
</testsuite>
