<?xml version="1.0" encoding="UTF-8"?>
<testsuite name="com.squarefootgardenplanner.service.dynamodb.PlantDaoTest" tests="2" skipped="0" failures="0" errors="0" timestamp="2022-04-19T23:42:32" hostname="Thoms-MacBook-Air.local" time="1.01">
  <properties/>
  <testcase name="getPlant_plantDoesNotExist_throwsPlantNotFoundException()" classname="com.squarefootgardenplanner.service.dynamodb.PlantDaoTest" time="1.004"/>
  <testcase name="getPlant_plantExists_returnsPlant()" classname="com.squarefootgardenplanner.service.dynamodb.PlantDaoTest" time="0.003"/>
  <system-out><![CDATA[]]></system-out>
  <system-err><![CDATA[]]></system-err>
</testsuite>
