<?xml version="1.0" encoding="UTF-8"?>
<testsuite name="com.squarefootgardenplanner.service.activity.GetPlantActivityTest" tests="1" skipped="0" failures="0" errors="0" timestamp="2022-05-06T22:13:02" hostname="Thoms-MacBook-Air.local" time="1.117">
  <properties/>
  <testcase name="handleRequest_plantExists_returnsPlantInResponse()" classname="com.squarefootgardenplanner.service.activity.GetPlantActivityTest" time="1.117"/>
  <system-out><![CDATA[]]></system-out>
  <system-err><![CDATA[]]></system-err>
</testsuite>
